Determining if files usbhid.h exist failed with the following output:
Change Dir: /home/sean/kunstigInt/assignment/LaserChessAI/libs/freeglut-3.2.1/CMakeFiles/CMakeTmp

Run Build Command:"/usr/bin/make" "cmTC_187a7/fast"
/usr/bin/make -f CMakeFiles/cmTC_187a7.dir/build.make CMakeFiles/cmTC_187a7.dir/build
make[1]: Entering directory '/home/sean/kunstigInt/assignment/LaserChessAI/libs/freeglut-3.2.1/CMakeFiles/CMakeTmp'
Building C object CMakeFiles/cmTC_187a7.dir/CheckIncludeFiles.c.o
/usr/bin/cc   -Wall -pedantic    -o CMakeFiles/cmTC_187a7.dir/CheckIncludeFiles.c.o   -c /home/sean/kunstigInt/assignment/LaserChessAI/libs/freeglut-3.2.1/CMakeFiles/CMakeTmp/CheckIncludeFiles.c
/home/sean/kunstigInt/assignment/LaserChessAI/libs/freeglut-3.2.1/CMakeFiles/CMakeTmp/CheckIncludeFiles.c:2:10: fatal error: usbhid.h: No such file or directory
 #include <usbhid.h>
          ^~~~~~~~~~
compilation terminated.
CMakeFiles/cmTC_187a7.dir/build.make:65: recipe for target 'CMakeFiles/cmTC_187a7.dir/CheckIncludeFiles.c.o' failed
make[1]: *** [CMakeFiles/cmTC_187a7.dir/CheckIncludeFiles.c.o] Error 1
make[1]: Leaving directory '/home/sean/kunstigInt/assignment/LaserChessAI/libs/freeglut-3.2.1/CMakeFiles/CMakeTmp'
Makefile:126: recipe for target 'cmTC_187a7/fast' failed
make: *** [cmTC_187a7/fast] Error 2

Source:
/* */
#include <usbhid.h>


int main(void){return 0;}

Determining if the function XParseGeometry exists failed with the following output:
Change Dir: /home/sean/kunstigInt/assignment/LaserChessAI/libs/freeglut-3.2.1/CMakeFiles/CMakeTmp

Run Build Command:"/usr/bin/make" "cmTC_debfd/fast"
/usr/bin/make -f CMakeFiles/cmTC_debfd.dir/build.make CMakeFiles/cmTC_debfd.dir/build
make[1]: Entering directory '/home/sean/kunstigInt/assignment/LaserChessAI/libs/freeglut-3.2.1/CMakeFiles/CMakeTmp'
Building C object CMakeFiles/cmTC_debfd.dir/CheckFunctionExists.c.o
/usr/bin/cc   -Wall -pedantic -DCHECK_FUNCTION_EXISTS=XParseGeometry   -o CMakeFiles/cmTC_debfd.dir/CheckFunctionExists.c.o   -c /usr/share/cmake-3.10/Modules/CheckFunctionExists.c
Linking C executable cmTC_debfd
/usr/bin/cmake -E cmake_link_script CMakeFiles/cmTC_debfd.dir/link.txt --verbose=1
/usr/bin/cc  -Wall -pedantic -DCHECK_FUNCTION_EXISTS=XParseGeometry    -rdynamic CMakeFiles/cmTC_debfd.dir/CheckFunctionExists.c.o  -o cmTC_debfd -lm 
CMakeFiles/cmTC_debfd.dir/CheckFunctionExists.c.o: In function `main':
CheckFunctionExists.c:(.text+0x10): undefined reference to `XParseGeometry'
collect2: error: ld returned 1 exit status
CMakeFiles/cmTC_debfd.dir/build.make:97: recipe for target 'cmTC_debfd' failed
make[1]: *** [cmTC_debfd] Error 1
make[1]: Leaving directory '/home/sean/kunstigInt/assignment/LaserChessAI/libs/freeglut-3.2.1/CMakeFiles/CMakeTmp'
Makefile:126: recipe for target 'cmTC_debfd/fast' failed
make: *** [cmTC_debfd/fast] Error 2


